

Started GET "/" for ::1 at 2017-09-09 10:30:14 +0530

ActiveRecord::NoDatabaseError (FATAL:  database "DevCampportfolio_development" does not exist
):
  activerecord (4.2.9) lib/active_record/connection_adapters/postgresql_adapter.rb:661:in `rescue in connect'
  activerecord (4.2.9) lib/active_record/connection_adapters/postgresql_adapter.rb:651:in `connect'
  activerecord (4.2.9) lib/active_record/connection_adapters/postgresql_adapter.rb:242:in `initialize'
  activerecord (4.2.9) lib/active_record/connection_adapters/postgresql_adapter.rb:44:in `new'
  activerecord (4.2.9) lib/active_record/connection_adapters/postgresql_adapter.rb:44:in `postgresql_connection'
  activerecord (4.2.9) lib/active_record/connection_adapters/abstract/connection_pool.rb:438:in `new_connection'
  activerecord (4.2.9) lib/active_record/connection_adapters/abstract/connection_pool.rb:448:in `checkout_new_connection'
  activerecord (4.2.9) lib/active_record/connection_adapters/abstract/connection_pool.rb:422:in `acquire_connection'
  activerecord (4.2.9) lib/active_record/connection_adapters/abstract/connection_pool.rb:349:in `block in checkout'
  /Users/navdeepkumar/.rvm/rubies/ruby-2.3.3/lib/ruby/2.3.0/monitor.rb:214:in `mon_synchronize'
  activerecord (4.2.9) lib/active_record/connection_adapters/abstract/connection_pool.rb:348:in `checkout'
  activerecord (4.2.9) lib/active_record/connection_adapters/abstract/connection_pool.rb:263:in `block in connection'
  /Users/navdeepkumar/.rvm/rubies/ruby-2.3.3/lib/ruby/2.3.0/monitor.rb:214:in `mon_synchronize'
  activerecord (4.2.9) lib/active_record/connection_adapters/abstract/connection_pool.rb:262:in `connection'
  activerecord (4.2.9) lib/active_record/connection_adapters/abstract/connection_pool.rb:571:in `retrieve_connection'
  activerecord (4.2.9) lib/active_record/connection_handling.rb:113:in `retrieve_connection'
  activerecord (4.2.9) lib/active_record/connection_handling.rb:87:in `connection'
  activerecord (4.2.9) lib/active_record/migration.rb:383:in `connection'
  activerecord (4.2.9) lib/active_record/migration.rb:370:in `call'
  actionpack (4.2.9) lib/action_dispatch/middleware/callbacks.rb:29:in `block in call'
  activesupport (4.2.9) lib/active_support/callbacks.rb:88:in `__run_callbacks__'
  activesupport (4.2.9) lib/active_support/callbacks.rb:778:in `_run_call_callbacks'
  activesupport (4.2.9) lib/active_support/callbacks.rb:81:in `run_callbacks'
  actionpack (4.2.9) lib/action_dispatch/middleware/callbacks.rb:27:in `call'
  actionpack (4.2.9) lib/action_dispatch/middleware/reloader.rb:73:in `call'
  actionpack (4.2.9) lib/action_dispatch/middleware/remote_ip.rb:78:in `call'
  actionpack (4.2.9) lib/action_dispatch/middleware/debug_exceptions.rb:17:in `call'
  web-console (2.3.0) lib/web_console/middleware.rb:28:in `block in call'
  web-console (2.3.0) lib/web_console/middleware.rb:18:in `catch'
  web-console (2.3.0) lib/web_console/middleware.rb:18:in `call'
  actionpack (4.2.9) lib/action_dispatch/middleware/show_exceptions.rb:30:in `call'
  railties (4.2.9) lib/rails/rack/logger.rb:38:in `call_app'
  railties (4.2.9) lib/rails/rack/logger.rb:20:in `block in call'
  activesupport (4.2.9) lib/active_support/tagged_logging.rb:68:in `block in tagged'
  activesupport (4.2.9) lib/active_support/tagged_logging.rb:26:in `tagged'
  activesupport (4.2.9) lib/active_support/tagged_logging.rb:68:in `tagged'
  railties (4.2.9) lib/rails/rack/logger.rb:20:in `call'
  actionpack (4.2.9) lib/action_dispatch/middleware/request_id.rb:21:in `call'
  rack (1.6.8) lib/rack/methodoverride.rb:22:in `call'
  rack (1.6.8) lib/rack/runtime.rb:18:in `call'
  activesupport (4.2.9) lib/active_support/cache/strategy/local_cache_middleware.rb:28:in `call'
  rack (1.6.8) lib/rack/lock.rb:17:in `call'
  actionpack (4.2.9) lib/action_dispatch/middleware/static.rb:120:in `call'
  rack (1.6.8) lib/rack/sendfile.rb:113:in `call'
  railties (4.2.9) lib/rails/engine.rb:518:in `call'
  railties (4.2.9) lib/rails/application.rb:165:in `call'
  rack (1.6.8) lib/rack/lock.rb:17:in `call'
  rack (1.6.8) lib/rack/content_length.rb:15:in `call'
  rack (1.6.8) lib/rack/handler/webrick.rb:88:in `service'
  /Users/navdeepkumar/.rvm/rubies/ruby-2.3.3/lib/ruby/2.3.0/webrick/httpserver.rb:140:in `service'
  /Users/navdeepkumar/.rvm/rubies/ruby-2.3.3/lib/ruby/2.3.0/webrick/httpserver.rb:96:in `run'
  /Users/navdeepkumar/.rvm/rubies/ruby-2.3.3/lib/ruby/2.3.0/webrick/server.rb:296:in `block in start_thread'


  Rendered /Users/navdeepkumar/.rvm/gems/ruby-2.3.3/gems/actionpack-4.2.9/lib/action_dispatch/middleware/templates/rescues/_source.erb (4.4ms)
  Rendered /Users/navdeepkumar/.rvm/gems/ruby-2.3.3/gems/actionpack-4.2.9/lib/action_dispatch/middleware/templates/rescues/_trace.html.erb (1.9ms)
  Rendered /Users/navdeepkumar/.rvm/gems/ruby-2.3.3/gems/actionpack-4.2.9/lib/action_dispatch/middleware/templates/rescues/_request_and_response.html.erb (1.0ms)
  Rendered /Users/navdeepkumar/.rvm/gems/ruby-2.3.3/gems/actionpack-4.2.9/lib/action_dispatch/middleware/templates/rescues/diagnostics.html.erb within rescues/layout (75.8ms)
  Rendered /Users/navdeepkumar/.rvm/gems/ruby-2.3.3/gems/web-console-2.3.0/lib/web_console/templates/_markup.html.erb (0.5ms)
  Rendered /Users/navdeepkumar/.rvm/gems/ruby-2.3.3/gems/web-console-2.3.0/lib/web_console/templates/_inner_console_markup.html.erb within layouts/inlined_string (0.4ms)
  Rendered /Users/navdeepkumar/.rvm/gems/ruby-2.3.3/gems/web-console-2.3.0/lib/web_console/templates/_prompt_box_markup.html.erb within layouts/inlined_string (0.3ms)
  Rendered /Users/navdeepkumar/.rvm/gems/ruby-2.3.3/gems/web-console-2.3.0/lib/web_console/templates/style.css.erb within layouts/inlined_string (0.4ms)
  Rendered /Users/navdeepkumar/.rvm/gems/ruby-2.3.3/gems/web-console-2.3.0/lib/web_console/templates/console.js.erb within layouts/javascript (98.0ms)
  Rendered /Users/navdeepkumar/.rvm/gems/ruby-2.3.3/gems/web-console-2.3.0/lib/web_console/templates/main.js.erb within layouts/javascript (0.3ms)
  Rendered /Users/navdeepkumar/.rvm/gems/ruby-2.3.3/gems/web-console-2.3.0/lib/web_console/templates/error_page.js.erb within layouts/javascript (0.4ms)
  Rendered /Users/navdeepkumar/.rvm/gems/ruby-2.3.3/gems/web-console-2.3.0/lib/web_console/templates/index.html.erb (185.6ms)


Started GET "/" for ::1 at 2017-09-09 10:34:47 +0530
Processing by Rails::WelcomeController#index as HTML
  Rendered /Users/navdeepkumar/.rvm/gems/ruby-2.3.3/gems/railties-4.2.9/lib/rails/templates/rails/welcome/index.html.erb (2.1ms)
Completed 200 OK in 139ms (Views: 52.6ms | ActiveRecord: 0.0ms)


Started GET "/" for ::1 at 2017-09-09 10:44:17 +0530
Processing by Rails::WelcomeController#index as HTML
  Rendered /Users/navdeepkumar/.rvm/gems/ruby-2.3.3/gems/railties-4.2.9/lib/rails/templates/rails/welcome/index.html.erb (0.1ms)
Completed 200 OK in 4ms (Views: 3.4ms | ActiveRecord: 0.0ms)


Started GET "/rails/info/properties" for ::1 at 2017-09-09 10:44:18 +0530
Processing by Rails::InfoController#properties as */*
  Rendered /Users/navdeepkumar/.rvm/gems/ruby-2.3.3/gems/railties-4.2.9/lib/rails/templates/rails/info/properties.html.erb (0.4ms)
Completed 200 OK in 299ms (Views: 40.2ms | ActiveRecord: 1.4ms)
  [1m[36m (5.5ms)[0m  [1mCREATE TABLE "schema_migrations" ("version" character varying NOT NULL) [0m
  [1m[35m (1.5ms)[0m  CREATE UNIQUE INDEX  "unique_schema_migrations" ON "schema_migrations"  ("version")
  [1m[36mActiveRecord::SchemaMigration Load (0.3ms)[0m  [1mSELECT "schema_migrations".* FROM "schema_migrations"[0m
Migrating to CreateBlogs (20170909060245)
  [1m[35m (0.2ms)[0m  BEGIN
  [1m[36m (45.0ms)[0m  [1mCREATE TABLE "blogs" ("id" serial primary key, "title" character varying, "body" text, "created_at" timestamp NOT NULL, "updated_at" timestamp NOT NULL) [0m
  [1m[35mSQL (0.3ms)[0m  INSERT INTO "schema_migrations" ("version") VALUES ($1)  [["version", "20170909060245"]]
  [1m[36m (40.8ms)[0m  [1mCOMMIT[0m
  [1m[35mActiveRecord::SchemaMigration Load (0.5ms)[0m  SELECT "schema_migrations".* FROM "schema_migrations"
  [1m[36m (4.3ms)[0m  [1mSELECT t2.oid::regclass::text AS to_table, a1.attname AS column, a2.attname AS primary_key, c.conname AS name, c.confupdtype AS on_update, c.confdeltype AS on_delete
FROM pg_constraint c
JOIN pg_class t1 ON c.conrelid = t1.oid
JOIN pg_class t2 ON c.confrelid = t2.oid
JOIN pg_attribute a1 ON a1.attnum = c.conkey[1] AND a1.attrelid = t1.oid
JOIN pg_attribute a2 ON a2.attnum = c.confkey[1] AND a2.attrelid = t2.oid
JOIN pg_namespace t3 ON c.connamespace = t3.oid
WHERE c.contype = 'f'
  AND t1.relname = 'blogs'
  AND t3.nspname = ANY (current_schemas(false))
ORDER BY c.conname
[0m


Started GET "/" for ::1 at 2017-09-09 11:52:26 +0530
  [1m[36mActiveRecord::SchemaMigration Load (0.4ms)[0m  [1mSELECT "schema_migrations".* FROM "schema_migrations"[0m
Processing by Rails::WelcomeController#index as HTML
  Rendered /Users/navdeepkumar/.rvm/gems/ruby-2.3.3/gems/railties-4.2.9/lib/rails/templates/rails/welcome/index.html.erb (0.1ms)
Completed 200 OK in 3ms (Views: 2.9ms | ActiveRecord: 0.0ms)


Started GET "/blogs" for ::1 at 2017-09-09 11:52:34 +0530
Processing by BlogsController#index as HTML
  [1m[35mBlog Load (0.6ms)[0m  SELECT "blogs".* FROM "blogs"
  Rendered blogs/index.html.erb within layouts/application (3.7ms)
Completed 200 OK in 622ms (Views: 618.5ms | ActiveRecord: 1.4ms)


Started GET "/assets/blogs.self-e3b0c44298fc1c149afbf4c8996fb92427ae41e4649b934ca495991b7852b855.css?body=1" for ::1 at 2017-09-09 11:52:35 +0530


Started GET "/assets/scaffolds.self-e9748687ea5bf6512fd04b8afda1c39967a17bcc63d1a3cf1fb9a1c022d33852.css?body=1" for ::1 at 2017-09-09 11:52:35 +0530


Started GET "/assets/application.self-e80e8f2318043e8af94dddc2adad5a4f09739a8ebb323b3ab31cd71d45fd9113.css?body=1" for ::1 at 2017-09-09 11:52:35 +0530


Started GET "/assets/jquery.self-bd7ddd393353a8d2480a622e80342adf488fb6006d667e8b42e4c0073393abee.js?body=1" for ::1 at 2017-09-09 11:52:35 +0530


Started GET "/assets/application.self-3b8dabdc891efe46b9a144b400ad69e37d7e5876bdc39dee783419a69d7ca819.js?body=1" for ::1 at 2017-09-09 11:52:35 +0530


Started GET "/assets/jquery_ujs.self-784a997f6726036b1993eb2217c9cb558e1cbb801c6da88105588c56f13b466a.js?body=1" for ::1 at 2017-09-09 11:52:35 +0530


Started GET "/assets/blogs.self-877aef30ae1b040ab8a3aba4e3e309a11d7f2612f44dde450b5c157aa5f95c05.js?body=1" for ::1 at 2017-09-09 11:52:35 +0530


Started GET "/assets/turbolinks.self-1d1fddf91adc38ac2045c51f0a3e05ca97d07d24d15a4dcbf705009106489e69.js?body=1" for ::1 at 2017-09-09 11:52:35 +0530


Started GET "/blogs/new" for ::1 at 2017-09-09 11:52:37 +0530
Processing by BlogsController#new as HTML
  Rendered blogs/_form.html.erb (62.3ms)
  Rendered blogs/new.html.erb within layouts/application (68.4ms)
Completed 200 OK in 111ms (Views: 101.7ms | ActiveRecord: 2.7ms)


Started POST "/blogs" for ::1 at 2017-09-09 11:53:01 +0530
Processing by BlogsController#create as HTML
  Parameters: {"utf8"=>"✓", "authenticity_token"=>"qsczSxvRTvYh7U5Udu/VmvqEgDLwCjefqxhJ743evLWb8GErV8P56FZbVsT+TaK/kOBsBRrNJ5Vj4wsG5b6sow==", "blog"=>{"title"=>"First blog", "body"=>"This is the first blog"}, "commit"=>"Create Blog"}
  [1m[36m (0.2ms)[0m  [1mBEGIN[0m
  [1m[35mSQL (0.5ms)[0m  INSERT INTO "blogs" ("title", "body", "created_at", "updated_at") VALUES ($1, $2, $3, $4) RETURNING "id"  [["title", "First blog"], ["body", "This is the first blog"], ["created_at", "2017-09-09 06:23:01.364114"], ["updated_at", "2017-09-09 06:23:01.364114"]]
  [1m[36m (40.0ms)[0m  [1mCOMMIT[0m
Redirected to http://localhost:3000/blogs/1
Completed 302 Found in 46ms (ActiveRecord: 40.9ms)


Started GET "/blogs/1" for ::1 at 2017-09-09 11:53:01 +0530
Processing by BlogsController#show as HTML
  Parameters: {"id"=>"1"}
  [1m[35mBlog Load (0.3ms)[0m  SELECT  "blogs".* FROM "blogs" WHERE "blogs"."id" = $1 LIMIT 1  [["id", 1]]
  Rendered blogs/show.html.erb within layouts/application (1.1ms)
Completed 200 OK in 49ms (Views: 24.7ms | ActiveRecord: 0.3ms)


Started GET "/blogs" for ::1 at 2017-09-09 11:53:04 +0530
Processing by BlogsController#index as HTML
  [1m[36mBlog Load (0.4ms)[0m  [1mSELECT "blogs".* FROM "blogs"[0m
  Rendered blogs/index.html.erb within layouts/application (2.0ms)
Completed 200 OK in 29ms (Views: 27.9ms | ActiveRecord: 0.4ms)


Started GET "/blogs/new" for ::1 at 2017-09-09 11:56:38 +0530
Processing by BlogsController#new as HTML
  Rendered blogs/_form.html.erb (2.6ms)
  Rendered blogs/new.html.erb within layouts/application (4.1ms)
Completed 200 OK in 25ms (Views: 24.0ms | ActiveRecord: 0.0ms)


Started GET "/blogs/new" for ::1 at 2017-09-09 12:01:20 +0530
Processing by BlogsController#new as HTML
  Rendered blogs/_form.html.erb (2.3ms)
  Rendered blogs/new.html.erb within layouts/application (3.9ms)
Completed 200 OK in 25ms (Views: 24.4ms | ActiveRecord: 0.0ms)


Started GET "/blogs/new" for ::1 at 2017-09-09 12:02:59 +0530
Processing by BlogsController#new as HTML
  Rendered blogs/_form.html.erb (2.2ms)
  Rendered blogs/new.html.erb within layouts/application (4.1ms)
Completed 200 OK in 34ms (Views: 26.0ms | ActiveRecord: 1.7ms)


Started GET "/blogs/new" for ::1 at 2017-09-09 12:07:17 +0530
Processing by BlogsController#new as HTML
  Rendered blogs/_form.html.erb (3.8ms)
  Rendered blogs/new.html.erb within layouts/application (5.5ms)
Completed 200 OK in 47ms (Views: 36.8ms | ActiveRecord: 1.7ms)


Started POST "/blogs" for ::1 at 2017-09-09 12:07:31 +0530
Processing by BlogsController#create as HTML
  Parameters: {"utf8"=>"✓", "authenticity_token"=>"ua1IRDVNLsnOlngY/dg7uSCb0Og4jL44+6+V+2MZEmuImhokeV+Z17kgYIh1ekycSv8839JLrjIzVNcSC3kCfQ==", "blog"=>{"title"=>"Second blog", "body"=>"My second blog"}, "commit"=>"Create Blog"}
Completed 500 Internal Server Error in 6ms (ActiveRecord: 0.0ms)

NoMethodError (undefined method `save' for {"title"=>"Second blog", "body"=>"My second blog"}:ActionController::Parameters):
  app/models/blog.rb:7:in `create_blog'
  app/controllers/blogs_controller.rb:27:in `create'


  Rendered /Users/navdeepkumar/.rvm/gems/ruby-2.3.3/gems/actionpack-4.2.9/lib/action_dispatch/middleware/templates/rescues/_source.erb (5.5ms)
  Rendered /Users/navdeepkumar/.rvm/gems/ruby-2.3.3/gems/actionpack-4.2.9/lib/action_dispatch/middleware/templates/rescues/_trace.html.erb (2.2ms)
  Rendered /Users/navdeepkumar/.rvm/gems/ruby-2.3.3/gems/actionpack-4.2.9/lib/action_dispatch/middleware/templates/rescues/_request_and_response.html.erb (1.1ms)
  Rendered /Users/navdeepkumar/.rvm/gems/ruby-2.3.3/gems/actionpack-4.2.9/lib/action_dispatch/middleware/templates/rescues/diagnostics.html.erb within rescues/layout (71.9ms)
  Rendered /Users/navdeepkumar/.rvm/gems/ruby-2.3.3/gems/web-console-2.3.0/lib/web_console/templates/_markup.html.erb (0.5ms)
  Rendered /Users/navdeepkumar/.rvm/gems/ruby-2.3.3/gems/web-console-2.3.0/lib/web_console/templates/_inner_console_markup.html.erb within layouts/inlined_string (0.3ms)
  Rendered /Users/navdeepkumar/.rvm/gems/ruby-2.3.3/gems/web-console-2.3.0/lib/web_console/templates/_prompt_box_markup.html.erb within layouts/inlined_string (0.3ms)
  Rendered /Users/navdeepkumar/.rvm/gems/ruby-2.3.3/gems/web-console-2.3.0/lib/web_console/templates/style.css.erb within layouts/inlined_string (0.4ms)
  Rendered /Users/navdeepkumar/.rvm/gems/ruby-2.3.3/gems/web-console-2.3.0/lib/web_console/templates/console.js.erb within layouts/javascript (61.5ms)
  Rendered /Users/navdeepkumar/.rvm/gems/ruby-2.3.3/gems/web-console-2.3.0/lib/web_console/templates/main.js.erb within layouts/javascript (0.6ms)
  Rendered /Users/navdeepkumar/.rvm/gems/ruby-2.3.3/gems/web-console-2.3.0/lib/web_console/templates/error_page.js.erb within layouts/javascript (0.5ms)
  Rendered /Users/navdeepkumar/.rvm/gems/ruby-2.3.3/gems/web-console-2.3.0/lib/web_console/templates/index.html.erb (139.5ms)


Started POST "/blogs" for ::1 at 2017-09-09 12:07:48 +0530
Processing by BlogsController#create as HTML
  Parameters: {"utf8"=>"✓", "authenticity_token"=>"ua1IRDVNLsnOlngY/dg7uSCb0Og4jL44+6+V+2MZEmuImhokeV+Z17kgYIh1ekycSv8839JLrjIzVNcSC3kCfQ==", "blog"=>{"title"=>"Second blog", "body"=>"My second blog"}, "commit"=>"Create Blog"}
  [1m[35m (0.1ms)[0m  BEGIN
  [1m[36mSQL (0.3ms)[0m  [1mINSERT INTO "blogs" ("title", "body", "created_at", "updated_at") VALUES ($1, $2, $3, $4) RETURNING "id"[0m  [["title", "Second blog"], ["body", "My second blog"], ["created_at", "2017-09-09 06:37:48.105018"], ["updated_at", "2017-09-09 06:37:48.105018"]]
  [1m[35m (0.6ms)[0m  COMMIT
Completed 500 Internal Server Error in 12ms (ActiveRecord: 2.5ms)

NoMethodError (undefined method `save' for true:TrueClass):
  app/controllers/blogs_controller.rb:30:in `block in create'
  app/controllers/blogs_controller.rb:29:in `create'


  Rendered /Users/navdeepkumar/.rvm/gems/ruby-2.3.3/gems/actionpack-4.2.9/lib/action_dispatch/middleware/templates/rescues/_source.erb (5.2ms)
  Rendered /Users/navdeepkumar/.rvm/gems/ruby-2.3.3/gems/actionpack-4.2.9/lib/action_dispatch/middleware/templates/rescues/_trace.html.erb (2.7ms)
  Rendered /Users/navdeepkumar/.rvm/gems/ruby-2.3.3/gems/actionpack-4.2.9/lib/action_dispatch/middleware/templates/rescues/_request_and_response.html.erb (1.3ms)
  Rendered /Users/navdeepkumar/.rvm/gems/ruby-2.3.3/gems/actionpack-4.2.9/lib/action_dispatch/middleware/templates/rescues/diagnostics.html.erb within rescues/layout (70.8ms)
  Rendered /Users/navdeepkumar/.rvm/gems/ruby-2.3.3/gems/web-console-2.3.0/lib/web_console/templates/_markup.html.erb (0.5ms)
  Rendered /Users/navdeepkumar/.rvm/gems/ruby-2.3.3/gems/web-console-2.3.0/lib/web_console/templates/_inner_console_markup.html.erb within layouts/inlined_string (0.4ms)
  Rendered /Users/navdeepkumar/.rvm/gems/ruby-2.3.3/gems/web-console-2.3.0/lib/web_console/templates/_prompt_box_markup.html.erb within layouts/inlined_string (0.4ms)
  Rendered /Users/navdeepkumar/.rvm/gems/ruby-2.3.3/gems/web-console-2.3.0/lib/web_console/templates/style.css.erb within layouts/inlined_string (0.4ms)
  Rendered /Users/navdeepkumar/.rvm/gems/ruby-2.3.3/gems/web-console-2.3.0/lib/web_console/templates/console.js.erb within layouts/javascript (63.1ms)
  Rendered /Users/navdeepkumar/.rvm/gems/ruby-2.3.3/gems/web-console-2.3.0/lib/web_console/templates/main.js.erb within layouts/javascript (0.3ms)
  Rendered /Users/navdeepkumar/.rvm/gems/ruby-2.3.3/gems/web-console-2.3.0/lib/web_console/templates/error_page.js.erb within layouts/javascript (0.6ms)
  Rendered /Users/navdeepkumar/.rvm/gems/ruby-2.3.3/gems/web-console-2.3.0/lib/web_console/templates/index.html.erb (133.0ms)


Started POST "/blogs" for ::1 at 2017-09-09 12:08:11 +0530
Processing by BlogsController#create as HTML
  Parameters: {"utf8"=>"✓", "authenticity_token"=>"ua1IRDVNLsnOlngY/dg7uSCb0Og4jL44+6+V+2MZEmuImhokeV+Z17kgYIh1ekycSv8839JLrjIzVNcSC3kCfQ==", "blog"=>{"title"=>"Second blog", "body"=>"My second blog"}, "commit"=>"Create Blog"}
  [1m[36m (0.1ms)[0m  [1mBEGIN[0m
  [1m[35mSQL (0.3ms)[0m  INSERT INTO "blogs" ("title", "body", "created_at", "updated_at") VALUES ($1, $2, $3, $4) RETURNING "id"  [["title", "Second blog"], ["body", "My second blog"], ["created_at", "2017-09-09 06:38:11.533445"], ["updated_at", "2017-09-09 06:38:11.533445"]]
  [1m[36m (0.6ms)[0m  [1mCOMMIT[0m
Redirected to 
Completed 500 Internal Server Error in 12ms (ActiveRecord: 2.5ms)

NoMethodError (undefined method `to_model' for true:TrueClass
Did you mean?  to_yaml):
  app/controllers/blogs_controller.rb:31:in `block (2 levels) in create'
  app/controllers/blogs_controller.rb:29:in `create'


  Rendered /Users/navdeepkumar/.rvm/gems/ruby-2.3.3/gems/actionpack-4.2.9/lib/action_dispatch/middleware/templates/rescues/_source.erb (6.5ms)
  Rendered /Users/navdeepkumar/.rvm/gems/ruby-2.3.3/gems/actionpack-4.2.9/lib/action_dispatch/middleware/templates/rescues/_trace.html.erb (2.5ms)
  Rendered /Users/navdeepkumar/.rvm/gems/ruby-2.3.3/gems/actionpack-4.2.9/lib/action_dispatch/middleware/templates/rescues/_request_and_response.html.erb (1.2ms)
  Rendered /Users/navdeepkumar/.rvm/gems/ruby-2.3.3/gems/actionpack-4.2.9/lib/action_dispatch/middleware/templates/rescues/diagnostics.html.erb within rescues/layout (72.7ms)
  Rendered /Users/navdeepkumar/.rvm/gems/ruby-2.3.3/gems/web-console-2.3.0/lib/web_console/templates/_markup.html.erb (0.4ms)
  Rendered /Users/navdeepkumar/.rvm/gems/ruby-2.3.3/gems/web-console-2.3.0/lib/web_console/templates/_inner_console_markup.html.erb within layouts/inlined_string (0.4ms)
  Rendered /Users/navdeepkumar/.rvm/gems/ruby-2.3.3/gems/web-console-2.3.0/lib/web_console/templates/_prompt_box_markup.html.erb within layouts/inlined_string (0.3ms)
  Rendered /Users/navdeepkumar/.rvm/gems/ruby-2.3.3/gems/web-console-2.3.0/lib/web_console/templates/style.css.erb within layouts/inlined_string (0.4ms)
  Rendered /Users/navdeepkumar/.rvm/gems/ruby-2.3.3/gems/web-console-2.3.0/lib/web_console/templates/console.js.erb within layouts/javascript (57.2ms)
  Rendered /Users/navdeepkumar/.rvm/gems/ruby-2.3.3/gems/web-console-2.3.0/lib/web_console/templates/main.js.erb within layouts/javascript (0.4ms)
  Rendered /Users/navdeepkumar/.rvm/gems/ruby-2.3.3/gems/web-console-2.3.0/lib/web_console/templates/error_page.js.erb within layouts/javascript (0.5ms)
  Rendered /Users/navdeepkumar/.rvm/gems/ruby-2.3.3/gems/web-console-2.3.0/lib/web_console/templates/index.html.erb (129.8ms)


Started POST "/blogs" for ::1 at 2017-09-09 12:09:48 +0530

SyntaxError (/Users/navdeepkumar/Documents/DevCampportfolio/app/controllers/blogs_controller.rb:70: syntax error, unexpected end-of-input, expecting keyword_end):
  app/controllers/blogs_controller.rb:70: syntax error, unexpected end-of-input, expecting keyword_end


  Rendered /Users/navdeepkumar/.rvm/gems/ruby-2.3.3/gems/actionpack-4.2.9/lib/action_dispatch/middleware/templates/rescues/_source.erb (4.6ms)
  Rendered /Users/navdeepkumar/.rvm/gems/ruby-2.3.3/gems/actionpack-4.2.9/lib/action_dispatch/middleware/templates/rescues/_trace.html.erb (2.3ms)
  Rendered /Users/navdeepkumar/.rvm/gems/ruby-2.3.3/gems/actionpack-4.2.9/lib/action_dispatch/middleware/templates/rescues/_request_and_response.html.erb (1.3ms)
  Rendered /Users/navdeepkumar/.rvm/gems/ruby-2.3.3/gems/actionpack-4.2.9/lib/action_dispatch/middleware/templates/rescues/diagnostics.html.erb within rescues/layout (65.3ms)
  Rendered /Users/navdeepkumar/.rvm/gems/ruby-2.3.3/gems/web-console-2.3.0/lib/web_console/templates/_markup.html.erb (0.4ms)
  Rendered /Users/navdeepkumar/.rvm/gems/ruby-2.3.3/gems/web-console-2.3.0/lib/web_console/templates/_inner_console_markup.html.erb within layouts/inlined_string (0.4ms)
  Rendered /Users/navdeepkumar/.rvm/gems/ruby-2.3.3/gems/web-console-2.3.0/lib/web_console/templates/_prompt_box_markup.html.erb within layouts/inlined_string (0.3ms)
  Rendered /Users/navdeepkumar/.rvm/gems/ruby-2.3.3/gems/web-console-2.3.0/lib/web_console/templates/style.css.erb within layouts/inlined_string (0.4ms)
  Rendered /Users/navdeepkumar/.rvm/gems/ruby-2.3.3/gems/web-console-2.3.0/lib/web_console/templates/console.js.erb within layouts/javascript (58.9ms)
  Rendered /Users/navdeepkumar/.rvm/gems/ruby-2.3.3/gems/web-console-2.3.0/lib/web_console/templates/main.js.erb within layouts/javascript (0.3ms)
  Rendered /Users/navdeepkumar/.rvm/gems/ruby-2.3.3/gems/web-console-2.3.0/lib/web_console/templates/error_page.js.erb within layouts/javascript (0.5ms)
  Rendered /Users/navdeepkumar/.rvm/gems/ruby-2.3.3/gems/web-console-2.3.0/lib/web_console/templates/index.html.erb (126.8ms)


Started POST "/blogs" for ::1 at 2017-09-09 12:10:09 +0530
Processing by BlogsController#create as HTML
  Parameters: {"utf8"=>"✓", "authenticity_token"=>"ua1IRDVNLsnOlngY/dg7uSCb0Og4jL44+6+V+2MZEmuImhokeV+Z17kgYIh1ekycSv8839JLrjIzVNcSC3kCfQ==", "blog"=>{"title"=>"Second blog", "body"=>"My second blog"}, "commit"=>"Create Blog"}
  [1m[35m (0.1ms)[0m  BEGIN
  [1m[36mSQL (0.2ms)[0m  [1mINSERT INTO "blogs" ("title", "body", "created_at", "updated_at") VALUES ($1, $2, $3, $4) RETURNING "id"[0m  [["title", "Second blog"], ["body", "My second blog"], ["created_at", "2017-09-09 06:40:09.169341"], ["updated_at", "2017-09-09 06:40:09.169341"]]
  [1m[35m (0.5ms)[0m  COMMIT
Completed 500 Internal Server Error in 10ms (ActiveRecord: 2.4ms)

NoMethodError (undefined method `empty?' for true:TrueClass):
  app/controllers/blogs_controller.rb:32:in `block in create'
  app/controllers/blogs_controller.rb:29:in `create'


  Rendered /Users/navdeepkumar/.rvm/gems/ruby-2.3.3/gems/actionpack-4.2.9/lib/action_dispatch/middleware/templates/rescues/_source.erb (7.2ms)
  Rendered /Users/navdeepkumar/.rvm/gems/ruby-2.3.3/gems/actionpack-4.2.9/lib/action_dispatch/middleware/templates/rescues/_trace.html.erb (2.9ms)
  Rendered /Users/navdeepkumar/.rvm/gems/ruby-2.3.3/gems/actionpack-4.2.9/lib/action_dispatch/middleware/templates/rescues/_request_and_response.html.erb (1.0ms)
  Rendered /Users/navdeepkumar/.rvm/gems/ruby-2.3.3/gems/actionpack-4.2.9/lib/action_dispatch/middleware/templates/rescues/diagnostics.html.erb within rescues/layout (72.1ms)
  Rendered /Users/navdeepkumar/.rvm/gems/ruby-2.3.3/gems/web-console-2.3.0/lib/web_console/templates/_markup.html.erb (0.5ms)
  Rendered /Users/navdeepkumar/.rvm/gems/ruby-2.3.3/gems/web-console-2.3.0/lib/web_console/templates/_inner_console_markup.html.erb within layouts/inlined_string (0.4ms)
  Rendered /Users/navdeepkumar/.rvm/gems/ruby-2.3.3/gems/web-console-2.3.0/lib/web_console/templates/_prompt_box_markup.html.erb within layouts/inlined_string (0.4ms)
  Rendered /Users/navdeepkumar/.rvm/gems/ruby-2.3.3/gems/web-console-2.3.0/lib/web_console/templates/style.css.erb within layouts/inlined_string (0.5ms)
  Rendered /Users/navdeepkumar/.rvm/gems/ruby-2.3.3/gems/web-console-2.3.0/lib/web_console/templates/console.js.erb within layouts/javascript (59.5ms)
  Rendered /Users/navdeepkumar/.rvm/gems/ruby-2.3.3/gems/web-console-2.3.0/lib/web_console/templates/main.js.erb within layouts/javascript (0.4ms)
  Rendered /Users/navdeepkumar/.rvm/gems/ruby-2.3.3/gems/web-console-2.3.0/lib/web_console/templates/error_page.js.erb within layouts/javascript (0.4ms)
  Rendered /Users/navdeepkumar/.rvm/gems/ruby-2.3.3/gems/web-console-2.3.0/lib/web_console/templates/index.html.erb (130.2ms)


Started GET "/blogs" for ::1 at 2017-09-09 12:11:52 +0530
  [1m[36mActiveRecord::SchemaMigration Load (0.9ms)[0m  [1mSELECT "schema_migrations".* FROM "schema_migrations"[0m
Processing by BlogsController#index as HTML
  [1m[35mBlog Load (0.8ms)[0m  SELECT "blogs".* FROM "blogs"
  Rendered blogs/index.html.erb within layouts/application (13.3ms)
Completed 200 OK in 242ms (Views: 227.2ms | ActiveRecord: 3.8ms)


Started GET "/blogs" for ::1 at 2017-09-09 12:13:14 +0530
Processing by BlogsController#index as HTML
  [1m[36mBlog Load (0.4ms)[0m  [1mSELECT "blogs".* FROM "blogs"[0m
  Rendered blogs/index.html.erb within layouts/application (9.2ms)
Completed 200 OK in 32ms (Views: 27.4ms | ActiveRecord: 2.3ms)


Started GET "/blogs/new" for ::1 at 2017-09-09 12:13:18 +0530
Processing by BlogsController#new as HTML
  Rendered blogs/_form.html.erb (16.5ms)
  Rendered blogs/new.html.erb within layouts/application (21.7ms)
Completed 200 OK in 54ms (Views: 53.5ms | ActiveRecord: 0.0ms)


Started POST "/blogs" for ::1 at 2017-09-09 12:13:41 +0530
Processing by BlogsController#create as HTML
  Parameters: {"utf8"=>"✓", "authenticity_token"=>"bJ8/cOt6xUERB26xz3BugA06LZKRlOqF24VbDA8neIhdqG0Qp2hyX2axdiFH0hmlZ17BpXtT+o8TfhnlZ0dong==", "blog"=>{"title"=>"my third blog", "body"=>"My third blog"}, "commit"=>"Create Blog"}
  [1m[35m (0.2ms)[0m  BEGIN
  [1m[36mSQL (0.4ms)[0m  [1mINSERT INTO "blogs" ("title", "body", "created_at", "updated_at") VALUES ($1, $2, $3, $4) RETURNING "id"[0m  [["title", "my third blog"], ["body", "My third blog"], ["created_at", "2017-09-09 06:43:41.456400"], ["updated_at", "2017-09-09 06:43:41.456400"]]
  [1m[35m (40.8ms)[0m  COMMIT
Redirected to http://localhost:3000/blogs/5
Completed 302 Found in 46ms (ActiveRecord: 41.5ms)


Started GET "/blogs/5" for ::1 at 2017-09-09 12:13:41 +0530
Processing by BlogsController#show as HTML
  Parameters: {"id"=>"5"}
  [1m[36mBlog Load (0.3ms)[0m  [1mSELECT  "blogs".* FROM "blogs" WHERE "blogs"."id" = $1 LIMIT 1[0m  [["id", 5]]
  Rendered blogs/show.html.erb within layouts/application (1.1ms)
Completed 200 OK in 35ms (Views: 26.4ms | ActiveRecord: 0.3ms)


Started GET "/blogs" for ::1 at 2017-09-09 12:13:44 +0530
Processing by BlogsController#index as HTML
  [1m[35mBlog Load (0.4ms)[0m  SELECT "blogs".* FROM "blogs"
  Rendered blogs/index.html.erb within layouts/application (3.3ms)
Completed 200 OK in 29ms (Views: 28.2ms | ActiveRecord: 0.4ms)


Started DELETE "/blogs/4" for ::1 at 2017-09-09 12:13:49 +0530
Processing by BlogsController#destroy as HTML
  Parameters: {"authenticity_token"=>"4Gcs6I6FNZME4FrJQMGLT7VXYaQj5cKR+utQPugOW+DRUH6IwpeCjXNWQlnIY/xq3zONk8ki0psyEBLXgG5L9g==", "id"=>"4"}
  [1m[36mBlog Load (0.4ms)[0m  [1mSELECT  "blogs".* FROM "blogs" WHERE "blogs"."id" = $1 LIMIT 1[0m  [["id", 4]]
  [1m[35m (0.2ms)[0m  BEGIN
  [1m[36mSQL (0.4ms)[0m  [1mDELETE FROM "blogs" WHERE "blogs"."id" = $1[0m  [["id", 4]]
  [1m[35m (0.5ms)[0m  COMMIT
Redirected to http://localhost:3000/blogs
Completed 302 Found in 6ms (ActiveRecord: 1.6ms)


Started GET "/blogs" for ::1 at 2017-09-09 12:13:49 +0530
Processing by BlogsController#index as HTML
  [1m[36mBlog Load (0.3ms)[0m  [1mSELECT "blogs".* FROM "blogs"[0m
  Rendered blogs/index.html.erb within layouts/application (2.2ms)
Completed 200 OK in 18ms (Views: 17.2ms | ActiveRecord: 0.3ms)


Started DELETE "/blogs/3" for ::1 at 2017-09-09 12:13:52 +0530
Processing by BlogsController#destroy as HTML
  Parameters: {"authenticity_token"=>"YYgitTeNP3gPO0KK78kmN86mmeUKS0zMROlSa0LIZYZQv3DVe5+IZniNWhpna1ESpMJ10uCMXMaMEhCCKqh1kA==", "id"=>"3"}
  [1m[35mBlog Load (0.4ms)[0m  SELECT  "blogs".* FROM "blogs" WHERE "blogs"."id" = $1 LIMIT 1  [["id", 3]]
  [1m[36m (0.2ms)[0m  [1mBEGIN[0m
  [1m[35mSQL (0.3ms)[0m  DELETE FROM "blogs" WHERE "blogs"."id" = $1  [["id", 3]]
  [1m[36m (0.5ms)[0m  [1mCOMMIT[0m
Redirected to http://localhost:3000/blogs
Completed 302 Found in 5ms (ActiveRecord: 1.5ms)


Started GET "/blogs" for ::1 at 2017-09-09 12:13:52 +0530
Processing by BlogsController#index as HTML
  [1m[35mBlog Load (0.4ms)[0m  SELECT "blogs".* FROM "blogs"
  Rendered blogs/index.html.erb within layouts/application (2.7ms)
Completed 200 OK in 18ms (Views: 17.5ms | ActiveRecord: 0.4ms)


Started GET "/blogs/1" for ::1 at 2017-09-09 12:16:27 +0530
Processing by BlogsController#show as HTML
  Parameters: {"id"=>"1"}
  [1m[36mBlog Load (0.4ms)[0m  [1mSELECT  "blogs".* FROM "blogs" WHERE "blogs"."id" = $1 LIMIT 1[0m  [["id", 1]]
  Rendered blogs/show.html.erb within layouts/application (0.4ms)
Completed 200 OK in 18ms (Views: 16.9ms | ActiveRecord: 0.4ms)


Started GET "/blogs/1" for ::1 at 2017-09-09 13:10:59 +0530
Processing by BlogsController#show as HTML
  Parameters: {"id"=>"1"}
  [1m[35mBlog Load (0.3ms)[0m  SELECT  "blogs".* FROM "blogs" WHERE "blogs"."id" = $1 LIMIT 1  [["id", 1]]
  Rendered blogs/show.html.erb within layouts/application (0.3ms)
Completed 200 OK in 82ms (Views: 81.2ms | ActiveRecord: 0.3ms)
